<?xml version="1.0" encoding="UTF-8"?>
<!-- Generated by org.testng.reporters.JUnitReportReporter -->
<testsuite hostname="Yukeshkumar-Meganathan" failures="0" tests="3" name="runner.Feature1Runner" time="113.976" errors="0" timestamp="2022-02-16T16:23:51 IST" skipped="0">
  <testcase classname="runner.Feature1Runner" name="runScenario" time="26.893"/>
  <system-out/>
  <testcase classname="runner.Feature1Runner" name="runScenario" time="49.033"/>
  <system-out/>
  <testcase classname="runner.Feature1Runner" name="runScenario" time="38.050"/>
  <system-out/>
</testsuite> <!-- runner.Feature1Runner -->
