<?xml version="1.0" encoding="UTF-8"?>
<!-- Generated by org.testng.reporters.JUnitReportReporter -->
<testsuite hostname="Yukeshkumar-Meganathan" failures="0" tests="1" name="runner.Feature1Runner" time="9.956" errors="0" timestamp="2022-03-04T11:06:57 IST" skipped="0">
  <testcase classname="runner.Feature1Runner" name="runScenario" time="9.956"/>
  <system-out/>
</testsuite> <!-- runner.Feature1Runner -->
