<?xml version="1.0" encoding="UTF-8"?>
<!-- Generated by org.testng.reporters.JUnitReportReporter -->
<testsuite hostname="Yukeshkumar-Meganathan" failures="0" tests="4" name="runner.Feature1Runner" time="162.467" errors="0" timestamp="2022-03-28T17:41:25 IST" skipped="0">
  <testcase classname="runner.Feature1Runner" name="runScenario" time="88.486"/>
  <system-out/>
  <testcase classname="runner.Feature1Runner" name="runScenario" time="40.841"/>
  <system-out/>
  <testcase classname="runner.Feature1Runner" name="runScenario" time="4.254"/>
  <system-out/>
  <testcase classname="runner.Feature1Runner" name="runScenario" time="28.886"/>
  <system-out/>
</testsuite> <!-- runner.Feature1Runner -->
