<?xml version="1.0" encoding="UTF-8"?>
<!-- Generated by org.testng.reporters.JUnitReportReporter -->
<testsuite hostname="Yukeshkumar-Meganathan" failures="0" tests="4" name="runner.Feature1Runner" time="125.940" errors="0" timestamp="2022-03-04T11:25:43 IST" skipped="0">
  <testcase classname="runner.Feature1Runner" name="runScenario" time="8.485"/>
  <system-out/>
  <testcase classname="runner.Feature1Runner" name="runScenario" time="47.658"/>
  <system-out/>
  <testcase classname="runner.Feature1Runner" name="runScenario" time="28.754"/>
  <system-out/>
  <testcase classname="runner.Feature1Runner" name="runScenario" time="41.043"/>
  <system-out/>
</testsuite> <!-- runner.Feature1Runner -->
