<?xml version="1.0" encoding="UTF-8"?>
<!-- Generated by org.testng.reporters.JUnitReportReporter -->
<testsuite hostname="Yukeshkumar-Meganathan" failures="0" tests="4" name="runner.Feature1Runner" time="123.584" errors="0" timestamp="2022-03-04T11:51:00 IST" skipped="0">
  <testcase classname="runner.Feature1Runner" name="runScenario" time="40.490"/>
  <system-out/>
  <testcase classname="runner.Feature1Runner" name="runScenario" time="47.739"/>
  <system-out/>
  <testcase classname="runner.Feature1Runner" name="runScenario" time="8.007"/>
  <system-out/>
  <testcase classname="runner.Feature1Runner" name="runScenario" time="27.348"/>
  <system-out/>
</testsuite> <!-- runner.Feature1Runner -->
